<?xml version="1.0" encoding="UTF-8"?>
<!-- Generated by org.testng.reporters.JUnitReportReporter -->
<testsuite hostname="PlaytokenDEV-PC" failures="0" tests="1" name="com.acmapp.testscripts.testCreateNewWallet" time="43.918" errors="0" timestamp="19 Jul 2018 09:38:43 GMT" skipped="0">
  <testcase classname="com.acmapp.testscripts.testCreateNewWallet" name="f" time="43.918"/>
</testsuite> <!-- com.acmapp.testscripts.testCreateNewWallet -->
